<?xml version="1.0" encoding="UTF-8"?>
<!-- Generated by org.testng.reporters.JUnitReportReporter -->
<testsuite skipped="0" hostname="LAPTOP-GORURFBI" name="org.test.DataProviderExamples" tests="3" failures="0" timestamp="21 May 2021 11:15:35 GMT" time="5.423" errors="0">
  <testcase name="tc1" time="1.208" classname="org.test.DataProviderExamples"/>
  <testcase name="tc1" time="3.040" classname="org.test.DataProviderExamples"/>
  <testcase name="tc1" time="1.175" classname="org.test.DataProviderExamples"/>
</testsuite> <!-- org.test.DataProviderExamples -->
