<?xml version="1.0" encoding="UTF-8"?>
<!-- Generated by org.testng.reporters.JUnitReportReporter -->
<testsuite skipped="0" hostname="LAPTOP-GORURFBI" name="org.test.Example" tests="1" failures="0" timestamp="21 May 2021 06:32:53 GMT" time="0.010" errors="0">
  <testcase name="tc1" time="0.010" classname="org.test.Example"/>
</testsuite> <!-- org.test.Example -->
