<?xml version="1.0" encoding="UTF-8"?>
<!-- Generated by org.testng.reporters.JUnitReportReporter -->
<testsuite skipped="0" hostname="LAPTOP-GORURFBI" name="org.test.RedBus" tests="1" failures="0" timestamp="30 May 2021 15:04:53 GMT" time="11.317" errors="0">
  <testcase name="tc1" time="11.317" classname="org.test.RedBus"/>
</testsuite> <!-- org.test.RedBus -->
