<?xml version="1.0" encoding="UTF-8"?>
<!-- Generated by org.testng.reporters.JUnitReportReporter -->
<testsuite skipped="0" hostname="LAPTOP-GORURFBI" name="org.test.Hai" tests="1" failures="0" timestamp="21 May 2021 06:24:04 GMT" time="0.009" errors="0">
  <testcase name="tc1" time="0.009" classname="org.test.Hai"/>
</testsuite> <!-- org.test.Hai -->
