<?xml version="1.0" encoding="UTF-8"?>
<!-- Generated by org.testng.reporters.JUnitReportReporter -->
<testsuite skipped="0" hostname="LAPTOP-GORURFBI" name="org.test.First" tests="1" failures="0" timestamp="21 May 2021 05:14:30 GMT" time="0.007" errors="0">
  <testcase name="tc1" time="0.007" classname="org.test.First"/>
</testsuite> <!-- org.test.First -->
