<?xml version="1.0" encoding="UTF-8"?>
<!-- Generated by org.testng.reporters.JUnitReportReporter -->
<testsuite skipped="0" hostname="LAPTOP-GORURFBI" name="org.test.TestCaseOne" tests="1" failures="0" timestamp="04 Jun 2021 04:49:47 GMT" time="23.448" errors="0">
  <testcase name="sigin" time="23.448" classname="org.test.TestCaseOne"/>
</testsuite> <!-- org.test.TestCaseOne -->
