<?xml version="1.0" encoding="UTF-8"?>
<!-- Generated by org.testng.reporters.JUnitReportReporter -->
<testsuite skipped="0" hostname="LAPTOP-GORURFBI" name="org.test.Example" tests="1" failures="0" timestamp="25 May 2021 13:54:44 GMT" time="0.016" errors="0">
  <testcase name="tc1" time="0.016" classname="org.test.Example"/>
</testsuite> <!-- org.test.Example -->
