<?xml version="1.0" encoding="UTF-8"?>
<!-- Generated by org.testng.reporters.JUnitReportReporter -->
<testsuite skipped="1" hostname="LAPTOP-GORURFBI" name="org.test.IgnoreAndInvocationCount" tests="8" failures="0" timestamp="28 May 2021 11:50:58 GMT" time="0.020" errors="0">
  <testcase name="tc4" time="0.002" classname="org.test.IgnoreAndInvocationCount"/>
  <testcase name="tc3" time="0.002" classname="org.test.IgnoreAndInvocationCount"/>
  <testcase name="tc1" time="0.011" classname="org.test.IgnoreAndInvocationCount"/>
  <testcase name="tc3" time="0.001" classname="org.test.IgnoreAndInvocationCount"/>
  <testcase name="tc3" time="0.002" classname="org.test.IgnoreAndInvocationCount"/>
  <testcase name="tc3" time="0.001" classname="org.test.IgnoreAndInvocationCount"/>
  <testcase name="tc3" time="0.001" classname="org.test.IgnoreAndInvocationCount"/>
  <testcase name="tc2" classname="org.test.IgnoreAndInvocationCount">
    <skipped/>
  </testcase> <!-- tc2 -->
</testsuite> <!-- org.test.IgnoreAndInvocationCount -->
